Build started 10/10/2013 9:46:15 PM.
     1>Project "C:\ChristmasLights\Working\LightSimulator\ColorNodeSimulator\ColorNodeSimulator.vcxproj" on node 2 (Build target(s)).
     1>ClCompile:
         C:\Program Files (x86)\Microsoft Visual Studio 11.0\VC\bin\CL.exe /c /IC:\ChristmasLights\Working\LightSimulator\ColorNodeSimulator\ /I"Generated Files\\" /IDebug\ /ZI /ZW /ZW:nostdlib /nologo /W3 /WX- /sdl /MP /Od /Oy- /D _WINRT_DLL /D _WINDLL /D _UNICODE /D UNICODE /D _DEBUG /D WINAPI_FAMILY=WINAPI_FAMILY_APP /Gm- /EHsc /RTC1 /MDd /GS /fp:precise /Zc:wchar_t /Zc:forScope /Fo"Debug\\" /Fd"Debug\vc110.pdb" /Gd /TP /FU"C:\Program Files (x86)\Microsoft SDKs\Windows\v8.0\ExtensionSDKs\Microsoft.VCLibs\11.0\References\CommonConfiguration\neutral\platform.winmd" /FU"C:\Program Files (x86)\Windows Kits\8.0\References\CommonConfiguration\Neutral\Windows.winmd" /FU"C:\Program Files (x86)\Windows Kits\8.0\References\CommonConfiguration\Neutral\Windows.winmd" /analyze- /errorReport:prompt /bigobj "..\..\arduino-1.0.1\libraries\G35Arduino\DripFill.cpp" Class1.cpp
         DripFill.cpp
         Class1.cpp
     1>c:\christmaslights\working\lightsimulator\colornodesimulator\class1.cpp(22): warning C4244: '=' : conversion from 'unsigned short' to 'unsigned char', possible loss of data
       Link:
         C:\Program Files (x86)\Microsoft Visual Studio 11.0\VC\bin\link.exe /ERRORREPORT:PROMPT /OUT:"C:\ChristmasLights\Working\LightSimulator\Debug\ColorNodeSimulator\ColorNodeSimulator.dll" /INCREMENTAL /NOLOGO runtimeobject.lib kernel32.lib /MANIFEST:NO /DEBUG /PDB:"C:\ChristmasLights\Working\LightSimulator\Debug\ColorNodeSimulator\ColorNodeSimulator.pdb" /SUBSYSTEM:CONSOLE /TLBID:1 /APPCONTAINER /WINMD /WINMDFILE:"C:\ChristmasLights\Working\LightSimulator\Debug\ColorNodeSimulator\ColorNodeSimulator.winmd" /DYNAMICBASE /NXCOMPAT /MACHINE:X86 /DLL Debug\Chase.obj
         Debug\ColorNodeConfig.obj
         Debug\ColorNodeSendCommand.obj
         Debug\ColorNodeUtils.obj
         Debug\ColorUtils.obj
         Debug\ControllerProgramAlternateDirection.obj
         Debug\ControllerProgramCandyCane.obj
         Debug\ControllerProgramChase.obj
         Debug\ControllerProgramFadeInFadeOut.obj
         Debug\ControllerProgramHolly.obj
         Debug\ControllerProgramIce.obj
         Debug\ControllerProgramMeteorite.obj
         Debug\ControllerProgramRainbowChase.obj
         Debug\ControllerProgramRainbowStrobe.obj
         Debug\ControllerProgramSolidRainbow.obj
         Debug\ControllerProgramSteppedWave.obj
         Debug\ControllerProgramStrobe.obj
         Debug\ControllerProgramTwinkle.obj
         Debug\Creepers.obj
         Debug\Cylon.obj
         Debug\Dissolve.obj
         Debug\DripFill.obj
         Debug\Eyes.obj
         Debug\G35.obj
         Debug\G35StringGarageBig.obj
         Debug\G35StringGarageSmall.obj
         Debug\G35StringGroup.obj
         Debug\G35StringSnowflake.obj
         Debug\G35StringStar.obj
         Debug\G35StringWindowBig.obj
         Debug\G35StringWindowSmall.obj
         Debug\HalloweenPrograms.obj
         Debug\Inchworm.obj
         Debug\LightProgram.obj
         Debug\MemoryUtils.obj
         Debug\MEOChasing.obj
         Debug\MEOColorPhasing.obj
         Debug\MEODither.obj
         Debug\MEOOscillate.obj
         Debug\MEOPrograms.obj
         Debug\MEORandomStrobe.obj
         Debug\MEOSimplexNoise.obj
         Debug\MEOSineWave.obj
         Debug\MEOSwitchOff.obj
         Debug\MEOWhites.obj
         Debug\Meteorite.obj
         Debug\Orbit.obj
         Debug\Orbiter.obj
         Debug\PlusPrograms.obj
         Debug\ProgramRunner.obj
         Debug\Pulse.obj
         Debug\PumpkinChase.obj
         Debug\Rainbow.obj
         Debug\RainbowUtils.obj
         Debug\RandomFade.obj
         Debug\RawProgram.obj
         Debug\RedGreenChase.obj
         Debug\SequenceUtils.obj
         Debug\ShootingStars.obj
         Debug\Solid.obj
         Debug\SpookyFlicker.obj
         Debug\SpookySlow.obj
         Debug\Stereo.obj
         Debug\StockPrograms.obj
         Debug\StrobeFill.obj
         Debug\Twinkle.obj
         Debug\wave.obj
         Debug\WaveUtils.obj
         Debug\Worm.obj
         Debug\Arduino.obj
         Debug\Class1.obj
         Debug\G35String.obj
         Debug\rf12.obj
         ColorNodeSimulator.vcxproj -> C:\ChristmasLights\Working\LightSimulator\Debug\ColorNodeSimulator\ColorNodeSimulator.dll
     1>Done Building Project "C:\ChristmasLights\Working\LightSimulator\ColorNodeSimulator\ColorNodeSimulator.vcxproj" (Build target(s)).

Build succeeded.

Time Elapsed 00:00:04.07
